<?xml version="1.0" encoding="UTF-8"?>
<testng-results ignored="0" total="3" passed="3" failed="0" skipped="0">
  <reporter-output>
  </reporter-output>
  <suite started-at="2024-03-16T22:09:20 GMT-07:00" name="Suite" finished-at="2024-03-16T22:10:01 GMT-07:00" duration-ms="40644">
    <groups>
    </groups>
    <test started-at="2024-03-16T22:09:20 GMT-07:00" name="login" finished-at="2024-03-16T22:10:01 GMT-07:00" duration-ms="40644">
      <class name="com.bankingTestCases.TC_Login_01">
        <test-method is-config="true" signature="setup()[pri:0, instance:com.bankingTestCases.TC_Login_01@5fe94a96]" started-at="2024-03-16T22:09:20 GMT-07:00" name="setup" finished-at="2024-03-16T22:09:38 GMT-07:00" duration-ms="17390" status="PASS">
          <reporter-output>
          </reporter-output>
        </test-method> <!-- setup -->
        <test-method signature="LoginTest(java.lang.String,java.lang.String)[pri:0, instance:com.bankingTestCases.TC_Login_01@5fe94a96]" started-at="2024-03-16T22:09:44 GMT-07:00" name="LoginTest" data-provider="getData" finished-at="2024-03-16T22:09:49 GMT-07:00" duration-ms="4882" status="PASS">
          <params>
            <param index="0">
              <value>
                <![CDATA[kavya]]>
              </value>
            </param>
            <param index="1">
              <value>
                <![CDATA[admin123]]>
              </value>
            </param>
          </params>
          <reporter-output>
          </reporter-output>
        </test-method> <!-- LoginTest -->
        <test-method signature="LoginTest(java.lang.String,java.lang.String)[pri:0, instance:com.bankingTestCases.TC_Login_01@5fe94a96]" started-at="2024-03-16T22:09:49 GMT-07:00" name="LoginTest" data-provider="getData" finished-at="2024-03-16T22:09:53 GMT-07:00" duration-ms="3677" status="PASS">
          <params>
            <param index="0">
              <value>
                <![CDATA[mngr26593]]>
              </value>
            </param>
            <param index="1">
              <value>
                <![CDATA[123456!]]>
              </value>
            </param>
          </params>
          <reporter-output>
          </reporter-output>
        </test-method> <!-- LoginTest -->
        <test-method signature="LoginTest(java.lang.String,java.lang.String)[pri:0, instance:com.bankingTestCases.TC_Login_01@5fe94a96]" started-at="2024-03-16T22:09:53 GMT-07:00" name="LoginTest" data-provider="getData" finished-at="2024-03-16T22:10:00 GMT-07:00" duration-ms="6828" status="PASS">
          <params>
            <param index="0">
              <value>
                <![CDATA[Admin]]>
              </value>
            </param>
            <param index="1">
              <value>
                <![CDATA[admin123]]>
              </value>
            </param>
          </params>
          <reporter-output>
          </reporter-output>
        </test-method> <!-- LoginTest -->
        <test-method is-config="true" signature="tearDown()[pri:0, instance:com.bankingTestCases.TC_Login_01@5fe94a96]" started-at="2024-03-16T22:10:00 GMT-07:00" name="tearDown" finished-at="2024-03-16T22:10:01 GMT-07:00" duration-ms="916" status="PASS">
          <reporter-output>
          </reporter-output>
        </test-method> <!-- tearDown -->
      </class> <!-- com.bankingTestCases.TC_Login_01 -->
    </test> <!-- login -->
  </suite> <!-- Suite -->
</testng-results>
