<?xml version="1.0" encoding="UTF-8"?>
<testng-results ignored="0" total="3" passed="3" failed="0" skipped="0">
  <reporter-output>
  </reporter-output>
  <suite started-at="2024-03-27T22:17:09 GMT-07:00" name="Default suite" finished-at="2024-03-27T22:18:35 GMT-07:00" duration-ms="85597">
    <groups>
    </groups>
    <test started-at="2024-03-27T22:17:09 GMT-07:00" name="Default test" finished-at="2024-03-27T22:18:35 GMT-07:00" duration-ms="85597">
      <class name="com.OrangeHrmTestCases.TC_Login_01">
        <test-method is-config="true" signature="setup()[pri:0, instance:com.OrangeHrmTestCases.TC_Login_01@639c2c1d]" started-at="2024-03-27T22:17:10 GMT-07:00" name="setup" finished-at="2024-03-27T22:17:56 GMT-07:00" duration-ms="46051" status="PASS">
          <reporter-output>
          </reporter-output>
        </test-method> <!-- setup -->
        <test-method signature="LoginTest(java.lang.String,java.lang.String)[pri:0, instance:com.OrangeHrmTestCases.TC_Login_01@639c2c1d]" started-at="2024-03-27T22:18:07 GMT-07:00" name="LoginTest" data-provider="getData" finished-at="2024-03-27T22:18:12 GMT-07:00" duration-ms="5015" status="PASS">
          <params>
            <param index="0">
              <value>
                <![CDATA[kavya]]>
              </value>
            </param>
            <param index="1">
              <value>
                <![CDATA[admin123]]>
              </value>
            </param>
          </params>
          <reporter-output>
          </reporter-output>
        </test-method> <!-- LoginTest -->
        <test-method signature="LoginTest(java.lang.String,java.lang.String)[pri:0, instance:com.OrangeHrmTestCases.TC_Login_01@639c2c1d]" started-at="2024-03-27T22:18:12 GMT-07:00" name="LoginTest" data-provider="getData" finished-at="2024-03-27T22:18:16 GMT-07:00" duration-ms="4103" status="PASS">
          <params>
            <param index="0">
              <value>
                <![CDATA[mngr26593]]>
              </value>
            </param>
            <param index="1">
              <value>
                <![CDATA[123456!]]>
              </value>
            </param>
          </params>
          <reporter-output>
          </reporter-output>
        </test-method> <!-- LoginTest -->
        <test-method signature="LoginTest(java.lang.String,java.lang.String)[pri:0, instance:com.OrangeHrmTestCases.TC_Login_01@639c2c1d]" started-at="2024-03-27T22:18:16 GMT-07:00" name="LoginTest" data-provider="getData" finished-at="2024-03-27T22:18:25 GMT-07:00" duration-ms="9195" status="PASS">
          <params>
            <param index="0">
              <value>
                <![CDATA[Admin]]>
              </value>
            </param>
            <param index="1">
              <value>
                <![CDATA[admin123]]>
              </value>
            </param>
          </params>
          <reporter-output>
          </reporter-output>
        </test-method> <!-- LoginTest -->
        <test-method is-config="true" signature="tearDown()[pri:0, instance:com.OrangeHrmTestCases.TC_Login_01@639c2c1d]" started-at="2024-03-27T22:18:25 GMT-07:00" name="tearDown" finished-at="2024-03-27T22:18:35 GMT-07:00" duration-ms="10035" status="PASS">
          <reporter-output>
          </reporter-output>
        </test-method> <!-- tearDown -->
      </class> <!-- com.OrangeHrmTestCases.TC_Login_01 -->
    </test> <!-- Default test -->
  </suite> <!-- Default suite -->
</testng-results>
